Сборка начата 25.02.2025 14:06:45.
Уровень детализации журнала: Normal.     1>Проект "C:\Users\admin\Documents\уник\4 СЕМ\МП\Lab2\Task6\Task6.vcxproj" в узле 2 (целевые объекты Build).
     1>PrepareForBuild:
         Структурированный вывод включен. Форматирование диагностики компилятора будет отражать иерархию ошибок. Подробнее см. https://aka.ms/cpp/structured-output.
       InitializeBuildStatus:
         Создание "Debug\Task6.tlog\unsuccessfulbuild", так как было задано "AlwaysCreate".
         Обращение к "Debug\Task6.tlog\unsuccessfulbuild".
       ClCompile:
         C:\Program Files\Microsoft Visual Studio\2022\Community\VC\Tools\MSVC\14.38.33130\bin\HostX86\x86\CL.exe /c /ZI /JMC /nologo /W3 /WX- /diagnostics:column /sdl /Od /Oy- /D WIN32 /D _DEBUG /D _CONSOLE /D _UNICODE /D UNICODE /Gm- /EHsc /RTC1 /MDd /GS /fp:precise /Zc:wchar_t /Zc:forScope /Zc:inline /permissive- /Fo"Debug\\" /Fd"Debug\vc143.pdb" /external:W3 /Gd /TP /analyze- /FC /errorReport:prompt Task6.cpp
         Task6.cpp
     1>C:\Users\admin\Documents\уник\4 СЕМ\МП\Lab2\Boat(Task5)\Combi.cpp(47,37): warning C4334: <<: результат 32-разрядного смещения неявно преобразуется в 64-разрядное значение (предполагалось 64-разрядное смещение?)
         (компиляция исходного файла "Task6.cpp")
         
       Link:
         C:\Program Files\Microsoft Visual Studio\2022\Community\VC\Tools\MSVC\14.38.33130\bin\HostX86\x86\link.exe /ERRORREPORT:PROMPT /OUT:"C:\Users\admin\Documents\уник\4 СЕМ\МП\Lab2\Debug\Task6.exe" /INCREMENTAL /ILK:"Debug\Task6.ilk" /NOLOGO kernel32.lib user32.lib gdi32.lib winspool.lib comdlg32.lib advapi32.lib shell32.lib ole32.lib oleaut32.lib uuid.lib odbc32.lib odbccp32.lib /MANIFEST /MANIFESTUAC:"level='asInvoker' uiAccess='false'" /manifest:embed /DEBUG /PDB:"C:\Users\admin\Documents\уник\4 СЕМ\МП\Lab2\Debug\Task6.pdb" /SUBSYSTEM:CONSOLE /TLBID:1 /DYNAMICBASE /NXCOMPAT /IMPLIB:"C:\Users\admin\Documents\уник\4 СЕМ\МП\Lab2\Debug\Task6.lib" /MACHINE:X86 Debug\Knapsack.obj
         Debug\Task6.obj
         Task6.vcxproj -> C:\Users\admin\Documents\уник\4 СЕМ\МП\Lab2\Debug\Task6.exe
       FinalizeBuildStatus:
         Файл "Debug\Task6.tlog\unsuccessfulbuild" удаляется.
         Обращение к "Debug\Task6.tlog\Task6.lastbuildstate".
     1>Сборка проекта "C:\Users\admin\Documents\уник\4 СЕМ\МП\Lab2\Task6\Task6.vcxproj" завершена (целевые объекты Build).

Сборка успешно завершена.

       "C:\Users\admin\Documents\уник\4 СЕМ\МП\Lab2\Task6\Task6.vcxproj" (целевой объект Build ) (1) ->
       (Целевой объект ClCompile) -> 
         C:\Users\admin\Documents\уник\4 СЕМ\МП\Lab2\Boat(Task5)\Combi.cpp(47,37): warning C4334: <<: результат 32-разрядного смещения неявно преобразуется в 64-разрядное значение (предполагалось 64-разрядное смещение?)

    Предупреждений: 1
    Ошибок: 0

Прошло времени 00:00:01.03
